131214 10:18:02  InnoDB: Database was not shut down normally!
InnoDB: Starting crash recovery.
InnoDB: Reading tablespace information from the .ibd files...
InnoDB: Restoring possible half-written data pages from the doublewrite
InnoDB: buffer...
131214 10:18:02  InnoDB: Starting log scan based on checkpoint at
InnoDB: log sequence number 0 43714.
InnoDB: Doing recovery: scanned up to log sequence number 0 43714
131214 10:18:02  InnoDB: Flushing modified pages from the buffer pool...
131214 10:18:02  InnoDB: Started; log sequence number 0 43714
gekkodb.exe: ready for connections.
Version: '4.1.14'  socket: ''  port: 33066  Official MySQL binary
141019 11:44:28  InnoDB: Database was not shut down normally!
InnoDB: Starting crash recovery.
InnoDB: Reading tablespace information from the .ibd files...
InnoDB: Restoring possible half-written data pages from the doublewrite
InnoDB: buffer...
141019 11:44:28  InnoDB: Starting log scan based on checkpoint at
InnoDB: log sequence number 0 43714.
InnoDB: Doing recovery: scanned up to log sequence number 0 43714
141019 11:44:28  InnoDB: Flushing modified pages from the buffer pool...
141019 11:44:28  InnoDB: Started; log sequence number 0 43714
gekkodb.exe: ready for connections.
Version: '4.1.14'  socket: ''  port: 33066  Official MySQL binary
170103 19:51:20  InnoDB: Database was not shut down normally!
InnoDB: Starting crash recovery.
InnoDB: Reading tablespace information from the .ibd files...
InnoDB: Restoring possible half-written data pages from the doublewrite
InnoDB: buffer...
170103 19:51:20  InnoDB: Starting log scan based on checkpoint at
InnoDB: log sequence number 0 43714.
InnoDB: Doing recovery: scanned up to log sequence number 0 43714
170103 19:51:20  InnoDB: Flushing modified pages from the buffer pool...
170103 19:51:20  InnoDB: Started; log sequence number 0 43714
gekkodb.exe: ready for connections.
Version: '4.1.14'  socket: ''  port: 33066  Official MySQL binary
